0 info it worked if it ends with ok
1 verbose cli [ 'C:\\Program Files\\nodejs\\\\node.exe',
1 verbose cli   'C:\\Program Files\\nodejs\\node_modules\\npm\\bin\\npm-cli.js',
1 verbose cli   'install',
1 verbose cli   'sass-node' ]
2 info using npm@1.4.28
3 info using node@v0.10.33
4 verbose node symlink C:\Program Files\nodejs\\node.exe
5 verbose readDependencies using package.json deps
6 verbose cache add [ 'sass-node', null ]
7 verbose cache add name=undefined spec="sass-node" args=["sass-node",null]
8 verbose parsed url { protocol: null,
8 verbose parsed url   slashes: null,
8 verbose parsed url   auth: null,
8 verbose parsed url   host: null,
8 verbose parsed url   port: null,
8 verbose parsed url   hostname: null,
8 verbose parsed url   hash: null,
8 verbose parsed url   search: null,
8 verbose parsed url   query: null,
8 verbose parsed url   pathname: 'sass-node',
8 verbose parsed url   path: 'sass-node',
8 verbose parsed url   href: 'sass-node' }
9 silly lockFile 570d06ea-sass-node sass-node
10 verbose lock sass-node C:\Users\Nico\AppData\Roaming\npm-cache\570d06ea-sass-node.lock
11 silly lockFile 570d06ea-sass-node sass-node
12 silly lockFile 570d06ea-sass-node sass-node
13 verbose addNamed [ 'sass-node', '' ]
14 verbose addNamed [ null, '*' ]
15 silly lockFile d09ae500-sass-node sass-node@
16 verbose lock sass-node@ C:\Users\Nico\AppData\Roaming\npm-cache\d09ae500-sass-node.lock
17 silly addNameRange { name: 'sass-node', range: '*', hasData: false }
18 verbose request where is /sass-node
19 verbose request registry https://registry.npmjs.org/
20 verbose request id 5d2618e6075cc738
21 verbose url raw /sass-node
22 verbose url resolving [ 'https://registry.npmjs.org/', './sass-node' ]
23 verbose url resolved https://registry.npmjs.org/sass-node
24 verbose request where is https://registry.npmjs.org/sass-node
25 info trying registry request attempt 1 at 22:49:44
26 http GET https://registry.npmjs.org/sass-node
27 http 404 https://registry.npmjs.org/sass-node
28 silly registry.get cb [ 404,
28 silly registry.get   { 'content-type': 'application/json',
28 silly registry.get     'cache-control': 'max-age=0',
28 silly registry.get     'content-length': '2',
28 silly registry.get     'accept-ranges': 'bytes',
28 silly registry.get     date: 'Fri, 13 Nov 2015 01:49:51 GMT',
28 silly registry.get     via: '1.1 varnish',
28 silly registry.get     age: '0',
28 silly registry.get     connection: 'keep-alive',
28 silly registry.get     'x-served-by': 'cache-atl6229-ATL',
28 silly registry.get     'x-cache': 'MISS',
28 silly registry.get     'x-cache-hits': '0',
28 silly registry.get     'x-timer': 'S1447379391.082080,VS0,VE112' } ]
29 silly lockFile d09ae500-sass-node sass-node@
30 silly lockFile d09ae500-sass-node sass-node@
31 error 404 Not Found
31 error 404
31 error 404 'sass-node' is not in the npm registry.
31 error 404 You should bug the author to publish it
31 error 404 It was specified as a dependency of 'jadeWisboo'
31 error 404
31 error 404 Note that you can also install from a
31 error 404 tarball, folder, or http url, or git url.
32 error System Windows_NT 6.1.7601
33 error command "C:\\Program Files\\nodejs\\\\node.exe" "C:\\Program Files\\nodejs\\node_modules\\npm\\bin\\npm-cli.js" "install" "sass-node"
34 error cwd C:\Users\Nico\WebstormProjects\jadeWisboo
35 error node -v v0.10.33
36 error npm -v 1.4.28
37 error code E404
38 verbose exit [ 1, true ]
